Schedulers disponibles:
1. C   -> Cíclic
2. RM  -> Rate Monotnic
3. DM  -> Deadline Monotonic
4. EDF -> Eadrliest Deadline First
Quin scheduler vols utilitzar?
Quantes tasques vols afegir a l'scheduler?
Introdueix el computing_time, deadline i periode separats per espais per a cada tasca a continuació:
-- Tasca 1 --
-> -- Tasca 2 --
-> -- Tasca 3 --
-> -- Tasca 4 --
-> El sistema SI es planificable
Log:
El factor d'utilitzacio U = 0.45
U <= 1.0: continuem mirant condicions
Hiperperiode H = 40
A continuació, trobem el periode secundari:
El temps de comput màxim és: 4
El deadline mínim és: 10
Com que el temps de comput màxim és menor que el mínim deadline, és possible trobar frames secuandaris en el rang.
Seocndary frames vàlids trobats dins del rang: [4, 5, 8, 10]
