Schedulers disponibles:
1. C   -> Cíclic
2. RM  -> Rate Monotnic
3. DM  -> Deadline Monotonic
4. EDF -> Eadrliest Deadline First
Quin scheduler vols utilitzar?
Quantes tasques vols afegir a l'scheduler?
Introdueix el computing_time, deadline i periode separats per espais per a cada tasca a continuació:
-- Tasca 1 --
-> -- Tasca 2 --
-> -- Tasca 3 --
-> -- Tasca 4 --
-> -- Tasca 5 --
-> -- Tasca 6 --
-> El sistema SI es planificable
Log:
Utilització: 0.75
Asignem prioritats a les tasques
Comprovem el Response Time Analysis.
----- Prioritat de la Task a evaluar: 6 -----
 W:3.30 <= D:10?? --> SI
----- Prioritat de la Task a evaluar: 5 -----
 W:1.10 <= D:15?? --> SI
 W:4.40 <= D:15?? --> SI
 W:4.40 <= D:15?? --> SI W apareix 2 cops, pasem a seguent task!
----- Prioritat de la Task a evaluar: 4 -----
 W:2.20 <= D:20?? --> SI
 W:6.60 <= D:20?? --> SI
 W:6.60 <= D:20?? --> SI W apareix 2 cops, pasem a seguent task!
----- Prioritat de la Task a evaluar: 3 -----
 W:4.40 <= D:20?? --> SI
 W:11.00 <= D:20?? --> SI
 W:11.00 <= D:20?? --> SI W apareix 2 cops, pasem a seguent task!
----- Prioritat de la Task a evaluar: 2 -----
 W:6.60 <= D:25?? --> SI
 W:17.60 <= D:25?? --> SI
 W:17.60 <= D:25?? --> SI W apareix 2 cops, pasem a seguent task!
----- Prioritat de la Task a evaluar: 1 -----
 W:5.50 <= D:32?? --> SI
 W:23.10 <= D:32?? --> SI
 W:30.80 <= D:32?? --> SI
 W:31.90 <= D:32?? --> SI
 W:31.90 <= D:32?? --> SI W apareix 2 cops, pasem a seguent task!
Totes les tasques compleixen el RTA!
El Response Time Analysis es compleix
